# JRE version: OpenJDK Runtime Environment Temurin-21.0.10+7 (21.0.10+7) (build 21.0.10+7-LTS)
# Java VM: OpenJDK 64-Bit Server VM Temurin-21.0.10+7 (21.0.10+7-LTS, mixed mode, sharing, tiered, compressed oops, compressed class ptrs, parallel gc, windows-amd64)
GC Precious Log:
 CardTable entry size: 512
 CPUs: 4 total, 4 available
 Memory: 8091M
 Large Page Support: Disabled
 NUMA Support: Disabled
 Compressed Oops: Enabled (32-bit)
 Alignments: Space 512K, Generation 512K, Heap 2M
 Heap Min Capacity: 100M
 Heap Initial Capacity: 100M
 Heap Max Capacity: 2G
 Pre-touch: Disabled
 Parallel Workers: 4
Heap:
 PSYoungGen      total 4608K, used 4588K [0x00000000d5580000, 0x00000000d5a80000, 0x0000000100000000)
  eden space 4096K, 100% used [0x00000000d5580000,0x00000000d5980000,0x00000000d5980000)
  from space 512K, 96% used [0x00000000d5980000,0x00000000d59fb090,0x00000000d5a00000)
  to   space 512K, 17% used [0x00000000d5a00000,0x00000000d5a16900,0x00000000d5a80000)
 ParOldGen       total 990208K, used 990176K [0x0000000080000000, 0x00000000bc700000, 0x00000000d5580000)
  object space 990208K, 99% used [0x0000000080000000,0x00000000bc6f8128,0x00000000bc700000)
 Metaspace       used 80365K, committed 82048K, reserved 1179648K
  class space    used 8456K, committed 9152K, reserved 1048576K
GC Heap History (20 events):
Event: 438.244 GC heap before
{Heap before GC invocations=1587 (full 3):
 PSYoungGen      total 3584K, used 2804K [0x00000000d5580000, 0x00000000d5c00000, 0x0000000100000000)
  eden space 2560K, 100% used [0x00000000d5580000,0x00000000d5800000,0x00000000d5800000)
  from space 1024K, 23% used [0x00000000d5a00000,0x00000000d5a3d200,0x00000000d5b00000)
  to   space 512K, 0% used [0x00000000d5b80000,0x00000000d5b80000,0x00000000d5c00000)
 ParOldGen       total 983040K, used 982691K [0x0000000080000000, 0x00000000bc000000, 0x00000000d5580000)
  object space 983040K, 99% used [0x0000000080000000,0x00000000bbfa8c98,0x00000000bc000000)
 Metaspace       used 80319K, committed 81984K, reserved 1179648K
  class space    used 8456K, committed 9152K, reserved 1048576K
}
Event: 438.246 GC heap after
{Heap after GC invocations=1587 (full 3):
 PSYoungGen      total 3072K, used 212K [0x00000000d5580000, 0x00000000d5c00000, 0x0000000100000000)
  eden space 2560K, 0% used [0x00000000d5580000,0x00000000d5580000,0x00000000d5800000)
  from space 512K, 41% used [0x00000000d5b80000,0x00000000d5bb5200,0x00000000d5c00000)
  to   space 512K, 0% used [0x00000000d5b00000,0x00000000d5b00000,0x00000000d5b80000)
 ParOldGen       total 983040K, used 982723K [0x0000000080000000, 0x00000000bc000000, 0x00000000d5580000)
  object space 983040K, 99% used [0x0000000080000000,0x00000000bbfb0c98,0x00000000bc000000)
 Metaspace       used 80319K, committed 81984K, reserved 1179648K
  class space    used 8456K, committed 9152K, reserved 1048576K
}
Event: 438.425 GC heap before
{Heap before GC invocations=1588 (full 3):
 PSYoungGen      total 3072K, used 2772K [0x00000000d5580000, 0x00000000d5c00000, 0x0000000100000000)
  eden space 2560K, 100% used [0x00000000d5580000,0x00000000d5800000,0x00000000d5800000)
  from space 512K, 41% used [0x00000000d5b80000,0x00000000d5bb5200,0x00000000d5c00000)
  to   space 512K, 0% used [0x00000000d5b00000,0x00000000d5b00000,0x00000000d5b80000)
 ParOldGen       total 983040K, used 982723K [0x0000000080000000, 0x00000000bc000000, 0x00000000d5580000)
  object space 983040K, 99% used [0x0000000080000000,0x00000000bbfb0c98,0x00000000bc000000)
 Metaspace       used 80341K, committed 81984K, reserved 1179648K
  class space    used 8456K, committed 9152K, reserved 1048576K
}
Event: 438.430 GC heap after
{Heap after GC invocations=1588 (full 3):
 PSYoungGen      total 3072K, used 378K [0x00000000d5580000, 0x00000000d5c00000, 0x0000000100000000)
  eden space 2560K, 0% used [0x00000000d5580000,0x00000000d5580000,0x00000000d5800000)
  from space 512K, 73% used [0x00000000d5b00000,0x00000000d5b5e900,0x00000000d5b80000)
  to   space 512K, 0% used [0x00000000d5b80000,0x00000000d5b80000,0x00000000d5c00000)
 ParOldGen       total 983040K, used 982747K [0x0000000080000000, 0x00000000bc000000, 0x00000000d5580000)
  object space 983040K, 99% used [0x0000000080000000,0x00000000bbfb6c98,0x00000000bc000000)
 Metaspace       used 80341K, committed 81984K, reserved 1179648K
  class space    used 8456K, committed 9152K, reserved 1048576K
}
Event: 438.440 GC heap before
{Heap before GC invocations=1589 (full 3):
 PSYoungGen      total 3072K, used 2938K [0x00000000d5580000, 0x00000000d5c00000, 0x0000000100000000)
  eden space 2560K, 100% used [0x00000000d5580000,0x00000000d5800000,0x00000000d5800000)
  from space 512K, 73% used [0x00000000d5b00000,0x00000000d5b5e900,0x00000000d5b80000)
  to   space 512K, 0% used [0x00000000d5b80000,0x00000000d5b80000,0x00000000d5c00000)
 ParOldGen       total 983040K, used 982747K [0x0000000080000000, 0x00000000bc000000, 0x00000000d5580000)
  object space 983040K, 99% used [0x0000000080000000,0x00000000bbfb6c98,0x00000000bc000000)
 Metaspace       used 80341K, committed 81984K, reserved 1179648K
  class space    used 8456K, committed 9152K, reserved 1048576K
}
Event: 438.449 GC heap after
{Heap after GC invocations=1589 (full 3):
 PSYoungGen      total 3072K, used 486K [0x00000000d5580000, 0x00000000d5e00000, 0x0000000100000000)
  eden space 2560K, 0% used [0x00000000d5580000,0x00000000d5580000,0x00000000d5800000)
  from space 512K, 94% used [0x00000000d5b80000,0x00000000d5bf9848,0x00000000d5c00000)
  to   space 3072K, 0% used [0x00000000d5800000,0x00000000d5800000,0x00000000d5b00000)
 ParOldGen       total 985088K, used 984893K [0x0000000080000000, 0x00000000bc200000, 0x00000000d5580000)
  object space 985088K, 99% used [0x0000000080000000,0x00000000bc1cf6e0,0x00000000bc200000)
 Metaspace       used 80341K, committed 81984K, reserved 1179648K
  class space    used 8456K, committed 9152K, reserved 1048576K
}
Event: 438.491 GC heap before
{Heap before GC invocations=1590 (full 3):
 PSYoungGen      total 3072K, used 3046K [0x00000000d5580000, 0x00000000d5e00000, 0x0000000100000000)
  eden space 2560K, 100% used [0x00000000d5580000,0x00000000d5800000,0x00000000d5800000)
  from space 512K, 94% used [0x00000000d5b80000,0x00000000d5bf9848,0x00000000d5c00000)
  to   space 3072K, 0% used [0x00000000d5800000,0x00000000d5800000,0x00000000d5b00000)
 ParOldGen       total 985088K, used 984893K [0x0000000080000000, 0x00000000bc200000, 0x00000000d5580000)
  object space 985088K, 99% used [0x0000000080000000,0x00000000bc1cf6e0,0x00000000bc200000)
 Metaspace       used 80341K, committed 81984K, reserved 1179648K
  class space    used 8456K, committed 9152K, reserved 1048576K
}
Event: 438.501 GC heap after
{Heap after GC invocations=1590 (full 3):
 PSYoungGen      total 4608K, used 1568K [0x00000000d5580000, 0x00000000d5c00000, 0x0000000100000000)
  eden space 2560K, 0% used [0x00000000d5580000,0x00000000d5580000,0x00000000d5800000)
  from space 2048K, 76% used [0x00000000d5800000,0x00000000d5988000,0x00000000d5a00000)
  to   space 2048K, 0% used [0x00000000d5a00000,0x00000000d5a00000,0x00000000d5c00000)
 ParOldGen       total 985600K, used 985395K [0x0000000080000000, 0x00000000bc280000, 0x00000000d5580000)
  object space 985600K, 99% used [0x0000000080000000,0x00000000bc24cf28,0x00000000bc280000)
 Metaspace       used 80341K, committed 81984K, reserved 1179648K
  class space    used 8456K, committed 9152K, reserved 1048576K
}
Event: 438.546 GC heap before
{Heap before GC invocations=1591 (full 3):
 PSYoungGen      total 4608K, used 3863K [0x00000000d5580000, 0x00000000d5c00000, 0x0000000100000000)
  eden space 2560K, 89% used [0x00000000d5580000,0x00000000d57bdce0,0x00000000d5800000)
  from space 2048K, 76% used [0x00000000d5800000,0x00000000d5988000,0x00000000d5a00000)
  to   space 2048K, 0% used [0x00000000d5a00000,0x00000000d5a00000,0x00000000d5c00000)
 ParOldGen       total 985600K, used 985395K [0x0000000080000000, 0x00000000bc280000, 0x00000000d5580000)
  object space 985600K, 99% used [0x0000000080000000,0x00000000bc24cf28,0x00000000bc280000)
 Metaspace       used 80341K, committed 81984K, reserved 1179648K
  class space    used 8456K, committed 9152K, reserved 1048576K
}
Event: 438.555 GC heap after
{Heap after GC invocations=1591 (full 3):
 PSYoungGen      total 3072K, used 160K [0x00000000d5580000, 0x00000000d5a80000, 0x0000000100000000)
  eden space 2560K, 0% used [0x00000000d5580000,0x00000000d5580000,0x00000000d5800000)
  from space 512K, 31% used [0x00000000d5a00000,0x00000000d5a28000,0x00000000d5a80000)
  to   space 1024K, 0% used [0x00000000d5880000,0x00000000d5880000,0x00000000d5980000)
 ParOldGen       total 987136K, used 986915K [0x0000000080000000, 0x00000000bc400000, 0x00000000d5580000)
  object space 987136K, 99% used [0x0000000080000000,0x00000000bc3c8f28,0x00000000bc400000)
 Metaspace       used 80341K, committed 81984K, reserved 1179648K
  class space    used 8456K, committed 9152K, reserved 1048576K
}
Event: 438.563 GC heap before
{Heap before GC invocations=1592 (full 3):
 PSYoungGen      total 3072K, used 2385K [0x00000000d5580000, 0x00000000d5a80000, 0x0000000100000000)
  eden space 2560K, 86% used [0x00000000d5580000,0x00000000d57ac5f0,0x00000000d5800000)
  from space 512K, 31% used [0x00000000d5a00000,0x00000000d5a28000,0x00000000d5a80000)
  to   space 1024K, 0% used [0x00000000d5880000,0x00000000d5880000,0x00000000d5980000)
 ParOldGen       total 987136K, used 986915K [0x0000000080000000, 0x00000000bc400000, 0x00000000d5580000)
  object space 987136K, 99% used [0x0000000080000000,0x00000000bc3c8f28,0x00000000bc400000)
 Metaspace       used 80342K, committed 81984K, reserved 1179648K
  class space    used 8456K, committed 9152K, reserved 1048576K
}
Event: 438.568 GC heap after
{Heap after GC invocations=1592 (full 3):
 PSYoungGen      total 4096K, used 128K [0x00000000d5580000, 0x00000000d5a80000, 0x0000000100000000)
  eden space 3072K, 0% used [0x00000000d5580000,0x00000000d5580000,0x00000000d5880000)
  from space 1024K, 12% used [0x00000000d5880000,0x00000000d58a0000,0x00000000d5980000)
  to   space 512K, 0% used [0x00000000d5a00000,0x00000000d5a00000,0x00000000d5a80000)
 ParOldGen       total 987136K, used 987019K [0x0000000080000000, 0x00000000bc400000, 0x00000000d5580000)
  object space 987136K, 99% used [0x0000000080000000,0x00000000bc3e2f28,0x00000000bc400000)
 Metaspace       used 80342K, committed 81984K, reserved 1179648K
  class space    used 8456K, committed 9152K, reserved 1048576K
}
Event: 438.579 GC heap before
{Heap before GC invocations=1593 (full 3):
 PSYoungGen      total 4096K, used 2604K [0x00000000d5580000, 0x00000000d5a80000, 0x0000000100000000)
  eden space 3072K, 80% used [0x00000000d5580000,0x00000000d57eb3d0,0x00000000d5880000)
  from space 1024K, 12% used [0x00000000d5880000,0x00000000d58a0000,0x00000000d5980000)
  to   space 512K, 0% used [0x00000000d5a00000,0x00000000d5a00000,0x00000000d5a80000)
 ParOldGen       total 987136K, used 987019K [0x0000000080000000, 0x00000000bc400000, 0x00000000d5580000)
  object space 987136K, 99% used [0x0000000080000000,0x00000000bc3e2f28,0x00000000bc400000)
 Metaspace       used 80345K, committed 81984K, reserved 1179648K
  class space    used 8456K, committed 9152K, reserved 1048576K
}
Event: 438.583 GC heap after
{Heap after GC invocations=1593 (full 3):
 PSYoungGen      total 4608K, used 128K [0x00000000d5580000, 0x00000000d5a80000, 0x0000000100000000)
  eden space 4096K, 0% used [0x00000000d5580000,0x00000000d5580000,0x00000000d5980000)
  from space 512K, 25% used [0x00000000d5a00000,0x00000000d5a20000,0x00000000d5a80000)
  to   space 512K, 0% used [0x00000000d5980000,0x00000000d5980000,0x00000000d5a00000)
 ParOldGen       total 987136K, used 987059K [0x0000000080000000, 0x00000000bc400000, 0x00000000d5580000)
  object space 987136K, 99% used [0x0000000080000000,0x00000000bc3ecf28,0x00000000bc400000)
 Metaspace       used 80345K, committed 81984K, reserved 1179648K
  class space    used 8456K, committed 9152K, reserved 1048576K
}
Event: 438.625 GC heap before
{Heap before GC invocations=1594 (full 3):
 PSYoungGen      total 4608K, used 4127K [0x00000000d5580000, 0x00000000d5a80000, 0x0000000100000000)
  eden space 4096K, 97% used [0x00000000d5580000,0x00000000d5967c80,0x00000000d5980000)
  from space 512K, 25% used [0x00000000d5a00000,0x00000000d5a20000,0x00000000d5a80000)
  to   space 512K, 0% used [0x00000000d5980000,0x00000000d5980000,0x00000000d5a00000)
 ParOldGen       total 987136K, used 987059K [0x0000000080000000, 0x00000000bc400000, 0x00000000d5580000)
  object space 987136K, 99% used [0x0000000080000000,0x00000000bc3ecf28,0x00000000bc400000)
 Metaspace       used 80347K, committed 81984K, reserved 1179648K
  class space    used 8456K, committed 9152K, reserved 1048576K
}
Event: 438.627 GC heap after
{Heap after GC invocations=1594 (full 3):
 PSYoungGen      total 4608K, used 128K [0x00000000d5580000, 0x00000000d5a80000, 0x0000000100000000)
  eden space 4096K, 0% used [0x00000000d5580000,0x00000000d5580000,0x00000000d5980000)
  from space 512K, 25% used [0x00000000d5980000,0x00000000d59a0000,0x00000000d5a00000)
  to   space 512K, 0% used [0x00000000d5a00000,0x00000000d5a00000,0x00000000d5a80000)
 ParOldGen       total 987136K, used 987083K [0x0000000080000000, 0x00000000bc400000, 0x00000000d5580000)
  object space 987136K, 99% used [0x0000000080000000,0x00000000bc3f2f28,0x00000000bc400000)
 Metaspace       used 80347K, committed 81984K, reserved 1179648K
  class space    used 8456K, committed 9152K, reserved 1048576K
}
Event: 438.667 GC heap before
{Heap before GC invocations=1595 (full 3):
 PSYoungGen      total 4608K, used 4224K [0x00000000d5580000, 0x00000000d5a80000, 0x0000000100000000)
  eden space 4096K, 100% used [0x00000000d5580000,0x00000000d5980000,0x00000000d5980000)
  from space 512K, 25% used [0x00000000d5980000,0x00000000d59a0000,0x00000000d5a00000)
  to   space 512K, 0% used [0x00000000d5a00000,0x00000000d5a00000,0x00000000d5a80000)
 ParOldGen       total 987136K, used 987083K [0x0000000080000000, 0x00000000bc400000, 0x00000000d5580000)
  object space 987136K, 99% used [0x0000000080000000,0x00000000bc3f2f28,0x00000000bc400000)
 Metaspace       used 80354K, committed 82048K, reserved 1179648K
  class space    used 8456K, committed 9152K, reserved 1048576K
}
Event: 438.671 GC heap after
{Heap after GC invocations=1595 (full 3):
 PSYoungGen      total 4608K, used 410K [0x00000000d5580000, 0x00000000d5a80000, 0x0000000100000000)
  eden space 4096K, 0% used [0x00000000d5580000,0x00000000d5580000,0x00000000d5980000)
  from space 512K, 80% used [0x00000000d5a00000,0x00000000d5a66900,0x00000000d5a80000)
  to   space 512K, 0% used [0x00000000d5980000,0x00000000d5980000,0x00000000d5a00000)
 ParOldGen       total 987648K, used 987155K [0x0000000080000000, 0x00000000bc480000, 0x00000000d5580000)
  object space 987648K, 99% used [0x0000000080000000,0x00000000bc404f28,0x00000000bc480000)
 Metaspace       used 80354K, committed 82048K, reserved 1179648K
  class space    used 8456K, committed 9152K, reserved 1048576K
}
Event: 438.692 GC heap before
{Heap before GC invocations=1596 (full 3):
 PSYoungGen      total 4608K, used 4506K [0x00000000d5580000, 0x00000000d5a80000, 0x0000000100000000)
  eden space 4096K, 100% used [0x00000000d5580000,0x00000000d5980000,0x00000000d5980000)
  from space 512K, 80% used [0x00000000d5a00000,0x00000000d5a66900,0x00000000d5a80000)
  to   space 512K, 0% used [0x00000000d5980000,0x00000000d5980000,0x00000000d5a00000)
 ParOldGen       total 987648K, used 987155K [0x0000000080000000, 0x00000000bc480000, 0x00000000d5580000)
  object space 987648K, 99% used [0x0000000080000000,0x00000000bc404f28,0x00000000bc480000)
 Metaspace       used 80357K, committed 82048K, reserved 1179648K
  class space    used 8456K, committed 9152K, reserved 1048576K
}
Event: 438.700 GC heap after
{Heap after GC invocations=1596 (full 3):
 PSYoungGen      total 4608K, used 492K [0x00000000d5580000, 0x00000000d5a80000, 0x0000000100000000)
  eden space 4096K, 0% used [0x00000000d5580000,0x00000000d5580000,0x00000000d5980000)
  from space 512K, 96% used [0x00000000d5980000,0x00000000d59fb090,0x00000000d5a00000)
  to   space 512K, 0% used [0x00000000d5a00000,0x00000000d5a00000,0x00000000d5a80000)
 ParOldGen       total 990208K, used 990160K [0x0000000080000000, 0x00000000bc700000, 0x00000000d5580000)
  object space 990208K, 99% used [0x0000000080000000,0x00000000bc6f4128,0x00000000bc700000)
 Metaspace       used 80357K, committed 82048K, reserved 1179648K
  class space    used 8456K, committed 9152K, reserved 1048576K
}

